  Determinando los proyectos que se van a restaurar...
  Todos los proyectos están actualizados para la restauración.
  Blanquita.Domain -> C:\Users\B10 Caja 2\source\repos\Blanquita\src\Blanquita.Domain\bin\Debug\net8.0\Blanquita.Domain.dll
  Blanquita.Application -> C:\Users\B10 Caja 2\source\repos\Blanquita\src\Blanquita.Application\bin\Debug\net8.0\Blanquita.Application.dll
  Blanquita.Domain.Tests -> C:\Users\B10 Caja 2\source\repos\Blanquita\tests\Blanquita.Domain.Tests\bin\Debug\net8.0\Blanquita.Domain.Tests.dll
  Blanquita.Application.Tests -> C:\Users\B10 Caja 2\source\repos\Blanquita\tests\Blanquita.Application.Tests\bin\Debug\net8.0\Blanquita.Application.Tests.dll
  Blanquita.Infrastructure -> C:\Users\B10 Caja 2\source\repos\Blanquita\src\Blanquita.Infrastructure\bin\Debug\net8.0\Blanquita.Infrastructure.dll
  Blanquita.Infrastructure.Tests -> C:\Users\B10 Caja 2\source\repos\Blanquita\tests\Blanquita.Infrastructure.Tests\bin\Debug\net8.0\Blanquita.Infrastructure.Tests.dll
C:\Users\B10 Caja 2\source\repos\Blanquita\src\Blanquita.Web\Services\BrowserPrintService.cs(12,30): error CS1061: "LabelDesignDto" no contiene una definición para "GetWidthInDots" ni un método de extensión accesible "GetWidthInDots" que acepte un primer argumento del tipo "LabelDesignDto" (¿falta alguna directiva using o una referencia de ensamblado?) [C:\Users\B10 Caja 2\source\repos\Blanquita\src\Blanquita.Web\Blanquita.Web.csproj]
C:\Users\B10 Caja 2\source\repos\Blanquita\src\Blanquita.Web\Services\BrowserPrintService.cs(13,31): error CS1061: "LabelDesignDto" no contiene una definición para "GetHeightInDots" ni un método de extensión accesible "GetHeightInDots" que acepte un primer argumento del tipo "LabelDesignDto" (¿falta alguna directiva using o una referencia de ensamblado?) [C:\Users\B10 Caja 2\source\repos\Blanquita\src\Blanquita.Web\Blanquita.Web.csproj]
C:\Users\B10 Caja 2\source\repos\Blanquita\src\Blanquita.Web\Services\BrowserPrintService.cs(14,34): error CS1061: "LabelDesignDto" no contiene una definición para "GetMarginTopInDots" ni un método de extensión accesible "GetMarginTopInDots" que acepte un primer argumento del tipo "LabelDesignDto" (¿falta alguna directiva using o una referencia de ensamblado?) [C:\Users\B10 Caja 2\source\repos\Blanquita\src\Blanquita.Web\Blanquita.Web.csproj]
C:\Users\B10 Caja 2\source\repos\Blanquita\src\Blanquita.Web\Services\BrowserPrintService.cs(15,35): error CS1061: "LabelDesignDto" no contiene una definición para "GetMarginLeftInDots" ni un método de extensión accesible "GetMarginLeftInDots" que acepte un primer argumento del tipo "LabelDesignDto" (¿falta alguna directiva using o una referencia de ensamblado?) [C:\Users\B10 Caja 2\source\repos\Blanquita\src\Blanquita.Web\Blanquita.Web.csproj]
C:\Users\B10 Caja 2\source\repos\Blanquita\src\Blanquita.Web\Components\Dialogs\DialogoCaja.razor(66,45): warning CS8618: El elemento propiedad "MudDialog" que no acepta valores NULL debe contener un valor distinto de NULL al salir del constructor. Considere la posibilidad de agregar el modificador "required'"o declarar el propiedad como un valor que acepta valores NULL. [C:\Users\B10 Caja 2\source\repos\Blanquita\src\Blanquita.Web\Blanquita.Web.csproj]
C:\Users\B10 Caja 2\source\repos\Blanquita\src\Blanquita.Web\Components\Dialogs\DialogoCaja.razor(69,21): warning CS8618: El elemento campo "form" que no acepta valores NULL debe contener un valor distinto de NULL al salir del constructor. Considere la posibilidad de agregar el modificador "required'"o declarar el campo como un valor que acepta valores NULL. [C:\Users\B10 Caja 2\source\repos\Blanquita\src\Blanquita.Web\Blanquita.Web.csproj]
C:\Users\B10 Caja 2\source\repos\Blanquita\src\Blanquita.Web\Components\Layout\MainLayout.razor(47,32): warning CS8618: El elemento propiedad "Navigation" que no acepta valores NULL debe contener un valor distinto de NULL al salir del constructor. Considere la posibilidad de agregar el modificador "required'"o declarar el propiedad como un valor que acepta valores NULL. [C:\Users\B10 Caja 2\source\repos\Blanquita\src\Blanquita.Web\Blanquita.Web.csproj]
C:\Users\B10 Caja 2\source\repos\Blanquita\src\Blanquita.Web\Components\Layout\DialogoDisenoEtiqueta.razor(12,52): warning CS8602: Desreferencia de una referencia posiblemente NULL. [C:\Users\B10 Caja 2\source\repos\Blanquita\src\Blanquita.Web\Blanquita.Web.csproj]
C:\Users\B10 Caja 2\source\repos\Blanquita\src\Blanquita.Web\Components\Layout\DialogoDisenoEtiqueta.razor(29,55): warning CS8602: Desreferencia de una referencia posiblemente NULL. [C:\Users\B10 Caja 2\source\repos\Blanquita\src\Blanquita.Web\Blanquita.Web.csproj]
C:\Users\B10 Caja 2\source\repos\Blanquita\src\Blanquita.Web\Components\Layout\DialogoDisenoEtiqueta.razor(41,55): warning CS8602: Desreferencia de una referencia posiblemente NULL. [C:\Users\B10 Caja 2\source\repos\Blanquita\src\Blanquita.Web\Blanquita.Web.csproj]
C:\Users\B10 Caja 2\source\repos\Blanquita\src\Blanquita.Web\Components\Layout\DialogoDisenoEtiqueta.razor(53,55): warning CS8602: Desreferencia de una referencia posiblemente NULL. [C:\Users\B10 Caja 2\source\repos\Blanquita\src\Blanquita.Web\Blanquita.Web.csproj]
C:\Users\B10 Caja 2\source\repos\Blanquita\src\Blanquita.Web\Components\Layout\DialogoDisenoEtiqueta.razor(65,55): warning CS8602: Desreferencia de una referencia posiblemente NULL. [C:\Users\B10 Caja 2\source\repos\Blanquita\src\Blanquita.Web\Blanquita.Web.csproj]
C:\Users\B10 Caja 2\source\repos\Blanquita\src\Blanquita.Web\Components\Layout\DialogoDisenoEtiqueta.razor(77,60): warning CS8602: Desreferencia de una referencia posiblemente NULL. [C:\Users\B10 Caja 2\source\repos\Blanquita\src\Blanquita.Web\Blanquita.Web.csproj]
C:\Users\B10 Caja 2\source\repos\Blanquita\src\Blanquita.Web\Components\Layout\DialogoDisenoEtiqueta.razor(100,55): warning CS8602: Desreferencia de una referencia posiblemente NULL. [C:\Users\B10 Caja 2\source\repos\Blanquita\src\Blanquita.Web\Blanquita.Web.csproj]
C:\Users\B10 Caja 2\source\repos\Blanquita\src\Blanquita.Web\Components\Layout\DialogoDisenoEtiqueta.razor(110,55): warning CS8602: Desreferencia de una referencia posiblemente NULL. [C:\Users\B10 Caja 2\source\repos\Blanquita\src\Blanquita.Web\Blanquita.Web.csproj]
C:\Users\B10 Caja 2\source\repos\Blanquita\src\Blanquita.Web\Components\Layout\DialogoDisenoEtiqueta.razor(120,55): warning CS8602: Desreferencia de una referencia posiblemente NULL. [C:\Users\B10 Caja 2\source\repos\Blanquita\src\Blanquita.Web\Blanquita.Web.csproj]
C:\Users\B10 Caja 2\source\repos\Blanquita\src\Blanquita.Web\Components\Layout\DialogoDisenoEtiqueta.razor(138,55): warning CS8602: Desreferencia de una referencia posiblemente NULL. [C:\Users\B10 Caja 2\source\repos\Blanquita\src\Blanquita.Web\Blanquita.Web.csproj]
C:\Users\B10 Caja 2\source\repos\Blanquita\src\Blanquita.Web\Components\Layout\DialogoDisenoEtiqueta.razor(149,55): warning CS8602: Desreferencia de una referencia posiblemente NULL. [C:\Users\B10 Caja 2\source\repos\Blanquita\src\Blanquita.Web\Blanquita.Web.csproj]
C:\Users\B10 Caja 2\source\repos\Blanquita\src\Blanquita.Web\Components\Layout\DialogoDisenoEtiqueta.razor(162,49): warning CS8602: Desreferencia de una referencia posiblemente NULL. [C:\Users\B10 Caja 2\source\repos\Blanquita\src\Blanquita.Web\Blanquita.Web.csproj]
C:\Users\B10 Caja 2\source\repos\Blanquita\src\Blanquita.Web\Components\Layout\DialogoDisenoEtiqueta.razor(169,49): warning CS8602: Desreferencia de una referencia posiblemente NULL. [C:\Users\B10 Caja 2\source\repos\Blanquita\src\Blanquita.Web\Blanquita.Web.csproj]
C:\Users\B10 Caja 2\source\repos\Blanquita\src\Blanquita.Web\Components\Layout\DialogoDisenoEtiqueta.razor(183,35): warning CS8602: Desreferencia de una referencia posiblemente NULL. [C:\Users\B10 Caja 2\source\repos\Blanquita\src\Blanquita.Web\Blanquita.Web.csproj]
C:\Users\B10 Caja 2\source\repos\Blanquita\src\Blanquita.Web\Components\Pages\Reportes\Reportes.razor(395,13): warning CS8602: Desreferencia de una referencia posiblemente NULL. [C:\Users\B10 Caja 2\source\repos\Blanquita\src\Blanquita.Web\Blanquita.Web.csproj]
C:\Users\B10 Caja 2\source\repos\Blanquita\src\Blanquita.Web\Components\Pages\Reportes\Reportes.razor(413,17): warning CS8629: Un tipo que acepta valores NULL puede ser nulo. [C:\Users\B10 Caja 2\source\repos\Blanquita\src\Blanquita.Web\Blanquita.Web.csproj]
C:\Users\B10 Caja 2\source\repos\Blanquita\src\Blanquita.Web\Components\Dialogs\DialogoDetalleCorte.razor(60,42): warning CS0618: 'CashCutDto.GrandTotal' está obsoleto: 'Use CollectionsTotal instead' [C:\Users\B10 Caja 2\source\repos\Blanquita\src\Blanquita.Web\Blanquita.Web.csproj]
C:\Users\B10 Caja 2\source\repos\Blanquita\src\Blanquita.Web\Components\Pages\Cajas\CorteCaja.razor(253,73): warning CS8602: Desreferencia de una referencia posiblemente NULL. [C:\Users\B10 Caja 2\source\repos\Blanquita\src\Blanquita.Web\Blanquita.Web.csproj]
C:\Users\B10 Caja 2\source\repos\Blanquita\src\Blanquita.Web\Components\Dialogs\DialogoImpresora.razor(21,45): warning CS8618: El elemento propiedad "MudDialog" que no acepta valores NULL debe contener un valor distinto de NULL al salir del constructor. Considere la posibilidad de agregar el modificador "required'"o declarar el propiedad como un valor que acepta valores NULL. [C:\Users\B10 Caja 2\source\repos\Blanquita\src\Blanquita.Web\Blanquita.Web.csproj]
C:\Users\B10 Caja 2\source\repos\Blanquita\src\Blanquita.Web\Components\Dialogs\DialogoImpresora.razor(30,21): warning CS8618: El elemento campo "form" que no acepta valores NULL debe contener un valor distinto de NULL al salir del constructor. Considere la posibilidad de agregar el modificador "required'"o declarar el campo como un valor que acepta valores NULL. [C:\Users\B10 Caja 2\source\repos\Blanquita\src\Blanquita.Web\Blanquita.Web.csproj]
C:\Users\B10 Caja 2\source\repos\Blanquita\src\Blanquita.Web\Components\Pages\Cajas\CorteCaja.razor(347,67): warning CS8602: Desreferencia de una referencia posiblemente NULL. [C:\Users\B10 Caja 2\source\repos\Blanquita\src\Blanquita.Web\Blanquita.Web.csproj]
C:\Users\B10 Caja 2\source\repos\Blanquita\src\Blanquita.Web\Components\Pages\Configuraciones\AñadirCajera.razor(158,9): warning CS8602: Desreferencia de una referencia posiblemente NULL. [C:\Users\B10 Caja 2\source\repos\Blanquita\src\Blanquita.Web\Blanquita.Web.csproj]
C:\Users\B10 Caja 2\source\repos\Blanquita\src\Blanquita.Web\Components\Pages\Configuraciones\AñadirCajera.razor(191,19): warning CS8602: Desreferencia de una referencia posiblemente NULL. [C:\Users\B10 Caja 2\source\repos\Blanquita\src\Blanquita.Web\Blanquita.Web.csproj]
C:\Users\B10 Caja 2\source\repos\Blanquita\src\Blanquita.Web\Components\Pages\Configuraciones\AñadirEncargada.razor(89,35): warning CS8625: No se puede convertir un literal NULL en un tipo de referencia que no acepta valores NULL. [C:\Users\B10 Caja 2\source\repos\Blanquita\src\Blanquita.Web\Blanquita.Web.csproj]
C:\Users\B10 Caja 2\source\repos\Blanquita\src\Blanquita.Web\Components\Pages\Configuraciones\AñadirEncargada.razor(88,37): warning CS8618: El elemento campo "table" que no acepta valores NULL debe contener un valor distinto de NULL al salir del constructor. Considere la posibilidad de agregar el modificador "required'"o declarar el campo como un valor que acepta valores NULL. [C:\Users\B10 Caja 2\source\repos\Blanquita\src\Blanquita.Web\Blanquita.Web.csproj]
C:\Users\B10 Caja 2\source\repos\Blanquita\src\Blanquita.Web\Components\Pages\Configuraciones\ConfiguracionEtiquetas.razor(267,14): warning CS8602: Desreferencia de una referencia posiblemente NULL. [C:\Users\B10 Caja 2\source\repos\Blanquita\src\Blanquita.Web\Blanquita.Web.csproj]
C:\Users\B10 Caja 2\source\repos\Blanquita\src\Blanquita.Web\Components\Pages\Configuraciones\Configuracion.razor(475,18): warning CS8602: Desreferencia de una referencia posiblemente NULL. [C:\Users\B10 Caja 2\source\repos\Blanquita\src\Blanquita.Web\Blanquita.Web.csproj]
C:\Users\B10 Caja 2\source\repos\Blanquita\src\Blanquita.Web\Components\Pages\Configuraciones\Configuracion.razor(584,14): warning CS8602: Desreferencia de una referencia posiblemente NULL. [C:\Users\B10 Caja 2\source\repos\Blanquita\src\Blanquita.Web\Blanquita.Web.csproj]
C:\Users\B10 Caja 2\source\repos\Blanquita\src\Blanquita.Web\Components\Pages\Configuraciones\Configuracion.razor(665,14): warning CS8602: Desreferencia de una referencia posiblemente NULL. [C:\Users\B10 Caja 2\source\repos\Blanquita\src\Blanquita.Web\Blanquita.Web.csproj]
C:\Users\B10 Caja 2\source\repos\Blanquita\src\Blanquita.Web\Components\Shared\ComponenteDiagnostico.razor(1,1): warning MUD0002: Illegal Attribute 'IsExpanded' on 'MudExpansionPanel' using pattern 'LowerCase' source location '(2274,24)-(2282,25)' (https://mudblazor.com/features/analyzers) [C:\Users\B10 Caja 2\source\repos\Blanquita\src\Blanquita.Web\Blanquita.Web.csproj]
C:\Users\B10 Caja 2\source\repos\Blanquita\src\Blanquita.Web\Components\Shared\ComponenteDiagnostico.razor(1,1): warning MUD0002: Illegal Attribute 'IsExpandedChanged' on 'MudExpansionPanel' using pattern 'LowerCase' source location '(2283,24)-(2283,242)' (https://mudblazor.com/features/analyzers) [C:\Users\B10 Caja 2\source\repos\Blanquita\src\Blanquita.Web\Blanquita.Web.csproj]
C:\Users\B10 Caja 2\source\repos\Blanquita\src\Blanquita.Web\Components\Layout\DialogoDisenoEtiqueta.razor(1,1): warning MUD0002: Illegal Attribute 'Dense' on 'MudNumericField' using pattern 'LowerCase' source location '(4097,8)-(4097,64)' (https://mudblazor.com/features/analyzers) [C:\Users\B10 Caja 2\source\repos\Blanquita\src\Blanquita.Web\Blanquita.Web.csproj]
C:\Users\B10 Caja 2\source\repos\Blanquita\src\Blanquita.Web\Components\Layout\DialogoDisenoEtiqueta.razor(1,1): warning MUD0002: Illegal Attribute 'Dense' on 'MudNumericField' using pattern 'LowerCase' source location '(4149,8)-(4149,64)' (https://mudblazor.com/features/analyzers) [C:\Users\B10 Caja 2\source\repos\Blanquita\src\Blanquita.Web\Blanquita.Web.csproj]
C:\Users\B10 Caja 2\source\repos\Blanquita\src\Blanquita.Web\Components\Layout\DialogoDisenoEtiqueta.razor(1,1): warning MUD0002: Illegal Attribute 'Dense' on 'MudTextField' using pattern 'LowerCase' source location '(4213,8)-(4213,64)' (https://mudblazor.com/features/analyzers) [C:\Users\B10 Caja 2\source\repos\Blanquita\src\Blanquita.Web\Blanquita.Web.csproj]
C:\Users\B10 Caja 2\source\repos\Blanquita\src\Blanquita.Web\Components\Layout\DialogoDisenoEtiqueta.razor(1,1): warning MUD0002: Illegal Attribute 'Dense' on 'MudTextField' using pattern 'LowerCase' source location '(4265,8)-(4265,64)' (https://mudblazor.com/features/analyzers) [C:\Users\B10 Caja 2\source\repos\Blanquita\src\Blanquita.Web\Blanquita.Web.csproj]
C:\Users\B10 Caja 2\source\repos\Blanquita\src\Blanquita.Web\Components\Layout\DialogoDisenoEtiqueta.razor(1,1): warning MUD0002: Illegal Attribute 'Dense' on 'MudNumericField' using pattern 'LowerCase' source location '(4298,8)-(4298,64)' (https://mudblazor.com/features/analyzers) [C:\Users\B10 Caja 2\source\repos\Blanquita\src\Blanquita.Web\Blanquita.Web.csproj]

ERROR al compilar.

C:\Users\B10 Caja 2\source\repos\Blanquita\src\Blanquita.Web\Components\Dialogs\DialogoCaja.razor(66,45): warning CS8618: El elemento propiedad "MudDialog" que no acepta valores NULL debe contener un valor distinto de NULL al salir del constructor. Considere la posibilidad de agregar el modificador "required'"o declarar el propiedad como un valor que acepta valores NULL. [C:\Users\B10 Caja 2\source\repos\Blanquita\src\Blanquita.Web\Blanquita.Web.csproj]
C:\Users\B10 Caja 2\source\repos\Blanquita\src\Blanquita.Web\Components\Dialogs\DialogoCaja.razor(69,21): warning CS8618: El elemento campo "form" que no acepta valores NULL debe contener un valor distinto de NULL al salir del constructor. Considere la posibilidad de agregar el modificador "required'"o declarar el campo como un valor que acepta valores NULL. [C:\Users\B10 Caja 2\source\repos\Blanquita\src\Blanquita.Web\Blanquita.Web.csproj]
C:\Users\B10 Caja 2\source\repos\Blanquita\src\Blanquita.Web\Components\Layout\MainLayout.razor(47,32): warning CS8618: El elemento propiedad "Navigation" que no acepta valores NULL debe contener un valor distinto de NULL al salir del constructor. Considere la posibilidad de agregar el modificador "required'"o declarar el propiedad como un valor que acepta valores NULL. [C:\Users\B10 Caja 2\source\repos\Blanquita\src\Blanquita.Web\Blanquita.Web.csproj]
C:\Users\B10 Caja 2\source\repos\Blanquita\src\Blanquita.Web\Components\Layout\DialogoDisenoEtiqueta.razor(12,52): warning CS8602: Desreferencia de una referencia posiblemente NULL. [C:\Users\B10 Caja 2\source\repos\Blanquita\src\Blanquita.Web\Blanquita.Web.csproj]
C:\Users\B10 Caja 2\source\repos\Blanquita\src\Blanquita.Web\Components\Layout\DialogoDisenoEtiqueta.razor(29,55): warning CS8602: Desreferencia de una referencia posiblemente NULL. [C:\Users\B10 Caja 2\source\repos\Blanquita\src\Blanquita.Web\Blanquita.Web.csproj]
C:\Users\B10 Caja 2\source\repos\Blanquita\src\Blanquita.Web\Components\Layout\DialogoDisenoEtiqueta.razor(41,55): warning CS8602: Desreferencia de una referencia posiblemente NULL. [C:\Users\B10 Caja 2\source\repos\Blanquita\src\Blanquita.Web\Blanquita.Web.csproj]
C:\Users\B10 Caja 2\source\repos\Blanquita\src\Blanquita.Web\Components\Layout\DialogoDisenoEtiqueta.razor(53,55): warning CS8602: Desreferencia de una referencia posiblemente NULL. [C:\Users\B10 Caja 2\source\repos\Blanquita\src\Blanquita.Web\Blanquita.Web.csproj]
C:\Users\B10 Caja 2\source\repos\Blanquita\src\Blanquita.Web\Components\Layout\DialogoDisenoEtiqueta.razor(65,55): warning CS8602: Desreferencia de una referencia posiblemente NULL. [C:\Users\B10 Caja 2\source\repos\Blanquita\src\Blanquita.Web\Blanquita.Web.csproj]
C:\Users\B10 Caja 2\source\repos\Blanquita\src\Blanquita.Web\Components\Layout\DialogoDisenoEtiqueta.razor(77,60): warning CS8602: Desreferencia de una referencia posiblemente NULL. [C:\Users\B10 Caja 2\source\repos\Blanquita\src\Blanquita.Web\Blanquita.Web.csproj]
C:\Users\B10 Caja 2\source\repos\Blanquita\src\Blanquita.Web\Components\Layout\DialogoDisenoEtiqueta.razor(100,55): warning CS8602: Desreferencia de una referencia posiblemente NULL. [C:\Users\B10 Caja 2\source\repos\Blanquita\src\Blanquita.Web\Blanquita.Web.csproj]
C:\Users\B10 Caja 2\source\repos\Blanquita\src\Blanquita.Web\Components\Layout\DialogoDisenoEtiqueta.razor(110,55): warning CS8602: Desreferencia de una referencia posiblemente NULL. [C:\Users\B10 Caja 2\source\repos\Blanquita\src\Blanquita.Web\Blanquita.Web.csproj]
C:\Users\B10 Caja 2\source\repos\Blanquita\src\Blanquita.Web\Components\Layout\DialogoDisenoEtiqueta.razor(120,55): warning CS8602: Desreferencia de una referencia posiblemente NULL. [C:\Users\B10 Caja 2\source\repos\Blanquita\src\Blanquita.Web\Blanquita.Web.csproj]
C:\Users\B10 Caja 2\source\repos\Blanquita\src\Blanquita.Web\Components\Layout\DialogoDisenoEtiqueta.razor(138,55): warning CS8602: Desreferencia de una referencia posiblemente NULL. [C:\Users\B10 Caja 2\source\repos\Blanquita\src\Blanquita.Web\Blanquita.Web.csproj]
C:\Users\B10 Caja 2\source\repos\Blanquita\src\Blanquita.Web\Components\Layout\DialogoDisenoEtiqueta.razor(149,55): warning CS8602: Desreferencia de una referencia posiblemente NULL. [C:\Users\B10 Caja 2\source\repos\Blanquita\src\Blanquita.Web\Blanquita.Web.csproj]
C:\Users\B10 Caja 2\source\repos\Blanquita\src\Blanquita.Web\Components\Layout\DialogoDisenoEtiqueta.razor(162,49): warning CS8602: Desreferencia de una referencia posiblemente NULL. [C:\Users\B10 Caja 2\source\repos\Blanquita\src\Blanquita.Web\Blanquita.Web.csproj]
C:\Users\B10 Caja 2\source\repos\Blanquita\src\Blanquita.Web\Components\Layout\DialogoDisenoEtiqueta.razor(169,49): warning CS8602: Desreferencia de una referencia posiblemente NULL. [C:\Users\B10 Caja 2\source\repos\Blanquita\src\Blanquita.Web\Blanquita.Web.csproj]
C:\Users\B10 Caja 2\source\repos\Blanquita\src\Blanquita.Web\Components\Layout\DialogoDisenoEtiqueta.razor(183,35): warning CS8602: Desreferencia de una referencia posiblemente NULL. [C:\Users\B10 Caja 2\source\repos\Blanquita\src\Blanquita.Web\Blanquita.Web.csproj]
C:\Users\B10 Caja 2\source\repos\Blanquita\src\Blanquita.Web\Components\Pages\Reportes\Reportes.razor(395,13): warning CS8602: Desreferencia de una referencia posiblemente NULL. [C:\Users\B10 Caja 2\source\repos\Blanquita\src\Blanquita.Web\Blanquita.Web.csproj]
C:\Users\B10 Caja 2\source\repos\Blanquita\src\Blanquita.Web\Components\Pages\Reportes\Reportes.razor(413,17): warning CS8629: Un tipo que acepta valores NULL puede ser nulo. [C:\Users\B10 Caja 2\source\repos\Blanquita\src\Blanquita.Web\Blanquita.Web.csproj]
C:\Users\B10 Caja 2\source\repos\Blanquita\src\Blanquita.Web\Components\Dialogs\DialogoDetalleCorte.razor(60,42): warning CS0618: 'CashCutDto.GrandTotal' está obsoleto: 'Use CollectionsTotal instead' [C:\Users\B10 Caja 2\source\repos\Blanquita\src\Blanquita.Web\Blanquita.Web.csproj]
C:\Users\B10 Caja 2\source\repos\Blanquita\src\Blanquita.Web\Components\Pages\Cajas\CorteCaja.razor(253,73): warning CS8602: Desreferencia de una referencia posiblemente NULL. [C:\Users\B10 Caja 2\source\repos\Blanquita\src\Blanquita.Web\Blanquita.Web.csproj]
C:\Users\B10 Caja 2\source\repos\Blanquita\src\Blanquita.Web\Components\Dialogs\DialogoImpresora.razor(21,45): warning CS8618: El elemento propiedad "MudDialog" que no acepta valores NULL debe contener un valor distinto de NULL al salir del constructor. Considere la posibilidad de agregar el modificador "required'"o declarar el propiedad como un valor que acepta valores NULL. [C:\Users\B10 Caja 2\source\repos\Blanquita\src\Blanquita.Web\Blanquita.Web.csproj]
C:\Users\B10 Caja 2\source\repos\Blanquita\src\Blanquita.Web\Components\Dialogs\DialogoImpresora.razor(30,21): warning CS8618: El elemento campo "form" que no acepta valores NULL debe contener un valor distinto de NULL al salir del constructor. Considere la posibilidad de agregar el modificador "required'"o declarar el campo como un valor que acepta valores NULL. [C:\Users\B10 Caja 2\source\repos\Blanquita\src\Blanquita.Web\Blanquita.Web.csproj]
C:\Users\B10 Caja 2\source\repos\Blanquita\src\Blanquita.Web\Components\Pages\Cajas\CorteCaja.razor(347,67): warning CS8602: Desreferencia de una referencia posiblemente NULL. [C:\Users\B10 Caja 2\source\repos\Blanquita\src\Blanquita.Web\Blanquita.Web.csproj]
C:\Users\B10 Caja 2\source\repos\Blanquita\src\Blanquita.Web\Components\Pages\Configuraciones\AñadirCajera.razor(158,9): warning CS8602: Desreferencia de una referencia posiblemente NULL. [C:\Users\B10 Caja 2\source\repos\Blanquita\src\Blanquita.Web\Blanquita.Web.csproj]
C:\Users\B10 Caja 2\source\repos\Blanquita\src\Blanquita.Web\Components\Pages\Configuraciones\AñadirCajera.razor(191,19): warning CS8602: Desreferencia de una referencia posiblemente NULL. [C:\Users\B10 Caja 2\source\repos\Blanquita\src\Blanquita.Web\Blanquita.Web.csproj]
C:\Users\B10 Caja 2\source\repos\Blanquita\src\Blanquita.Web\Components\Pages\Configuraciones\AñadirEncargada.razor(89,35): warning CS8625: No se puede convertir un literal NULL en un tipo de referencia que no acepta valores NULL. [C:\Users\B10 Caja 2\source\repos\Blanquita\src\Blanquita.Web\Blanquita.Web.csproj]
C:\Users\B10 Caja 2\source\repos\Blanquita\src\Blanquita.Web\Components\Pages\Configuraciones\AñadirEncargada.razor(88,37): warning CS8618: El elemento campo "table" que no acepta valores NULL debe contener un valor distinto de NULL al salir del constructor. Considere la posibilidad de agregar el modificador "required'"o declarar el campo como un valor que acepta valores NULL. [C:\Users\B10 Caja 2\source\repos\Blanquita\src\Blanquita.Web\Blanquita.Web.csproj]
C:\Users\B10 Caja 2\source\repos\Blanquita\src\Blanquita.Web\Components\Pages\Configuraciones\ConfiguracionEtiquetas.razor(267,14): warning CS8602: Desreferencia de una referencia posiblemente NULL. [C:\Users\B10 Caja 2\source\repos\Blanquita\src\Blanquita.Web\Blanquita.Web.csproj]
C:\Users\B10 Caja 2\source\repos\Blanquita\src\Blanquita.Web\Components\Pages\Configuraciones\Configuracion.razor(475,18): warning CS8602: Desreferencia de una referencia posiblemente NULL. [C:\Users\B10 Caja 2\source\repos\Blanquita\src\Blanquita.Web\Blanquita.Web.csproj]
C:\Users\B10 Caja 2\source\repos\Blanquita\src\Blanquita.Web\Components\Pages\Configuraciones\Configuracion.razor(584,14): warning CS8602: Desreferencia de una referencia posiblemente NULL. [C:\Users\B10 Caja 2\source\repos\Blanquita\src\Blanquita.Web\Blanquita.Web.csproj]
C:\Users\B10 Caja 2\source\repos\Blanquita\src\Blanquita.Web\Components\Pages\Configuraciones\Configuracion.razor(665,14): warning CS8602: Desreferencia de una referencia posiblemente NULL. [C:\Users\B10 Caja 2\source\repos\Blanquita\src\Blanquita.Web\Blanquita.Web.csproj]
C:\Users\B10 Caja 2\source\repos\Blanquita\src\Blanquita.Web\Components\Shared\ComponenteDiagnostico.razor(1,1): warning MUD0002: Illegal Attribute 'IsExpanded' on 'MudExpansionPanel' using pattern 'LowerCase' source location '(2274,24)-(2282,25)' (https://mudblazor.com/features/analyzers) [C:\Users\B10 Caja 2\source\repos\Blanquita\src\Blanquita.Web\Blanquita.Web.csproj]
C:\Users\B10 Caja 2\source\repos\Blanquita\src\Blanquita.Web\Components\Shared\ComponenteDiagnostico.razor(1,1): warning MUD0002: Illegal Attribute 'IsExpandedChanged' on 'MudExpansionPanel' using pattern 'LowerCase' source location '(2283,24)-(2283,242)' (https://mudblazor.com/features/analyzers) [C:\Users\B10 Caja 2\source\repos\Blanquita\src\Blanquita.Web\Blanquita.Web.csproj]
C:\Users\B10 Caja 2\source\repos\Blanquita\src\Blanquita.Web\Components\Layout\DialogoDisenoEtiqueta.razor(1,1): warning MUD0002: Illegal Attribute 'Dense' on 'MudNumericField' using pattern 'LowerCase' source location '(4097,8)-(4097,64)' (https://mudblazor.com/features/analyzers) [C:\Users\B10 Caja 2\source\repos\Blanquita\src\Blanquita.Web\Blanquita.Web.csproj]
C:\Users\B10 Caja 2\source\repos\Blanquita\src\Blanquita.Web\Components\Layout\DialogoDisenoEtiqueta.razor(1,1): warning MUD0002: Illegal Attribute 'Dense' on 'MudNumericField' using pattern 'LowerCase' source location '(4149,8)-(4149,64)' (https://mudblazor.com/features/analyzers) [C:\Users\B10 Caja 2\source\repos\Blanquita\src\Blanquita.Web\Blanquita.Web.csproj]
C:\Users\B10 Caja 2\source\repos\Blanquita\src\Blanquita.Web\Components\Layout\DialogoDisenoEtiqueta.razor(1,1): warning MUD0002: Illegal Attribute 'Dense' on 'MudTextField' using pattern 'LowerCase' source location '(4213,8)-(4213,64)' (https://mudblazor.com/features/analyzers) [C:\Users\B10 Caja 2\source\repos\Blanquita\src\Blanquita.Web\Blanquita.Web.csproj]
C:\Users\B10 Caja 2\source\repos\Blanquita\src\Blanquita.Web\Components\Layout\DialogoDisenoEtiqueta.razor(1,1): warning MUD0002: Illegal Attribute 'Dense' on 'MudTextField' using pattern 'LowerCase' source location '(4265,8)-(4265,64)' (https://mudblazor.com/features/analyzers) [C:\Users\B10 Caja 2\source\repos\Blanquita\src\Blanquita.Web\Blanquita.Web.csproj]
C:\Users\B10 Caja 2\source\repos\Blanquita\src\Blanquita.Web\Components\Layout\DialogoDisenoEtiqueta.razor(1,1): warning MUD0002: Illegal Attribute 'Dense' on 'MudNumericField' using pattern 'LowerCase' source location '(4298,8)-(4298,64)' (https://mudblazor.com/features/analyzers) [C:\Users\B10 Caja 2\source\repos\Blanquita\src\Blanquita.Web\Blanquita.Web.csproj]
C:\Users\B10 Caja 2\source\repos\Blanquita\src\Blanquita.Web\Services\BrowserPrintService.cs(12,30): error CS1061: "LabelDesignDto" no contiene una definición para "GetWidthInDots" ni un método de extensión accesible "GetWidthInDots" que acepte un primer argumento del tipo "LabelDesignDto" (¿falta alguna directiva using o una referencia de ensamblado?) [C:\Users\B10 Caja 2\source\repos\Blanquita\src\Blanquita.Web\Blanquita.Web.csproj]
C:\Users\B10 Caja 2\source\repos\Blanquita\src\Blanquita.Web\Services\BrowserPrintService.cs(13,31): error CS1061: "LabelDesignDto" no contiene una definición para "GetHeightInDots" ni un método de extensión accesible "GetHeightInDots" que acepte un primer argumento del tipo "LabelDesignDto" (¿falta alguna directiva using o una referencia de ensamblado?) [C:\Users\B10 Caja 2\source\repos\Blanquita\src\Blanquita.Web\Blanquita.Web.csproj]
C:\Users\B10 Caja 2\source\repos\Blanquita\src\Blanquita.Web\Services\BrowserPrintService.cs(14,34): error CS1061: "LabelDesignDto" no contiene una definición para "GetMarginTopInDots" ni un método de extensión accesible "GetMarginTopInDots" que acepte un primer argumento del tipo "LabelDesignDto" (¿falta alguna directiva using o una referencia de ensamblado?) [C:\Users\B10 Caja 2\source\repos\Blanquita\src\Blanquita.Web\Blanquita.Web.csproj]
C:\Users\B10 Caja 2\source\repos\Blanquita\src\Blanquita.Web\Services\BrowserPrintService.cs(15,35): error CS1061: "LabelDesignDto" no contiene una definición para "GetMarginLeftInDots" ni un método de extensión accesible "GetMarginLeftInDots" que acepte un primer argumento del tipo "LabelDesignDto" (¿falta alguna directiva using o una referencia de ensamblado?) [C:\Users\B10 Caja 2\source\repos\Blanquita\src\Blanquita.Web\Blanquita.Web.csproj]
    39 Advertencia(s)
    4 Errores

Tiempo transcurrido 00:00:02.85
